<?xml version="1.0" encoding="UTF-8"?>
<testng-results ignored="0" total="1" passed="1" failed="0" skipped="0">
  <reporter-output>
  </reporter-output>
  <suite started-at="2022-11-26T13:58:16 BDT" name="Default suite" finished-at="2022-11-26T13:58:28 BDT" duration-ms="12576">
    <groups>
    </groups>
    <test started-at="2022-11-26T13:58:16 BDT" name="Default test" finished-at="2022-11-26T13:58:28 BDT" duration-ms="12576">
      <class name="com.bd.practice1.scrolling">
        <test-method is-config="true" signature="start()[pri:0, instance:com.bd.practice1.scrolling@1e6a3214]" started-at="2022-11-26T13:58:05 BDT" name="start" finished-at="2022-11-26T13:58:16 BDT" duration-ms="10276" status="PASS">
          <reporter-output>
          </reporter-output>
        </test-method> <!-- start -->
        <test-method signature="openUrl()[pri:0, instance:com.bd.practice1.scrolling@1e6a3214]" started-at="2022-11-26T13:58:16 BDT" name="openUrl" finished-at="2022-11-26T13:58:28 BDT" duration-ms="12491" status="PASS">
          <reporter-output>
          </reporter-output>
        </test-method> <!-- openUrl -->
        <test-method is-config="true" signature="close()[pri:0, instance:com.bd.practice1.scrolling@1e6a3214]" started-at="2022-11-26T13:58:29 BDT" name="close" finished-at="2022-11-26T13:58:29 BDT" duration-ms="647" status="PASS">
          <reporter-output>
          </reporter-output>
        </test-method> <!-- close -->
      </class> <!-- com.bd.practice1.scrolling -->
    </test> <!-- Default test -->
  </suite> <!-- Default suite -->
</testng-results>
